<?xml version="1.0" encoding="UTF-8"?>
<!-- Generated by org.testng.reporters.JUnitReportReporter -->
<testsuite hostname="Sanjay" failures="0" tests="3" name="myTestRunner.TestRunner" time="59.912" errors="0" timestamp="2024-01-06T01:13:54 IST" skipped="0">
  <testcase classname="myTestRunner.TestRunner" name="runScenario" time="27.538"/>
  <system-out/>
  <testcase classname="myTestRunner.TestRunner" name="runScenario" time="16.233"/>
  <system-out/>
  <testcase classname="myTestRunner.TestRunner" name="runScenario" time="16.141"/>
  <system-out/>
</testsuite> <!-- myTestRunner.TestRunner -->
