<?xml version="1.0" encoding="UTF-8"?>
<!-- Generated by org.testng.reporters.JUnitReportReporter -->
<testsuite hostname="Sanjay" failures="0" tests="3" name="myTestRunner.TestRunner" time="67.177" errors="0" timestamp="2023-12-30T00:50:14 IST" skipped="0">
  <testcase classname="myTestRunner.TestRunner" name="runScenario" time="31.215"/>
  <system-out/>
  <testcase classname="myTestRunner.TestRunner" name="runScenario" time="17.788"/>
  <system-out/>
  <testcase classname="myTestRunner.TestRunner" name="runScenario" time="18.174"/>
  <system-out/>
</testsuite> <!-- myTestRunner.TestRunner -->
